This is TeX, Version 3.14159 (Web2C 7.4.5) (format=latex 2004.4.6)  11 FEB 2010 18:29
**refman.tex
(./refman.tex
LaTeX2e <2001/06/01>
Babel <v3.7h> and hyphenation patterns for american, french, german, ngerman, n
ohyphenation, loaded.
(/usr/share/texmf/tex/latex/base/book.cls
Document Class: book 2001/04/21 v1.4e Standard LaTeX document class
(/usr/share/texmf/tex/latex/base/bk10.clo
File: bk10.clo 2001/04/21 v1.4e Standard LaTeX file (size option)
)
\c@part=\count79
\c@chapter=\count80
\c@section=\count81
\c@subsection=\count82
\c@subsubsection=\count83
\c@paragraph=\count84
\c@subparagraph=\count85
\c@figure=\count86
\c@table=\count87
\abovecaptionskip=\skip41
\belowcaptionskip=\skip42
\bibindent=\dimen102
)
(/usr/share/texmf/tex/latex/misc/a4wide.sty
Package: a4wide 1994/08/30

(/usr/share/texmf/tex/latex/ntgclass/a4.sty
Package: a4 1999/03/03 v1.2f A4 based page layout
))
(/usr/share/texmf/tex/latex/base/makeidx.sty
Package: makeidx 2000/03/29 v1.0m Standard LaTeX package
)
(/usr/share/texmf/tex/latex/fancyhdr/fancyhdr.sty
\headwidth=\dimen103
)
(/usr/share/texmf/tex/latex/graphics/graphicx.sty
Package: graphicx 1999/02/16 v1.0f Enhanced LaTeX Graphics (DPC,SPQR)

(/usr/share/texmf/tex/latex/graphics/keyval.sty
Package: keyval 1999/03/16 v1.13 key=value parser (DPC)
\KV@toks@=\toks14
)
(/usr/share/texmf/tex/latex/graphics/graphics.sty
Package: graphics 2001/07/07 v1.0n Standard LaTeX Graphics (DPC,SPQR)

(/usr/share/texmf/tex/latex/graphics/trig.sty
Package: trig 1999/03/16 v1.09 sin cos tan (DPC)
)
(/usr/share/texmf/tex/latex/config/graphics.cfg
File: graphics.cfg 2001/08/31 v1.1 graphics configuration of teTeX/TeXLive
)
Package graphics Info: Driver file: dvips.def on input line 80.

(/usr/share/texmf/tex/latex/graphics/dvips.def
File: dvips.def 1999/02/16 v3.0i Driver-dependant file (DPC,SPQR)
))
\Gin@req@height=\dimen104
\Gin@req@width=\dimen105
)
(/usr/share/texmf/tex/latex/tools/multicol.sty
Package: multicol 2000/07/10 v1.5z multicolumn formatting (FMi)
\c@tracingmulticols=\count88
\mult@box=\box26
\multicol@leftmargin=\dimen106
\c@unbalance=\count89
\c@collectmore=\count90
\doublecol@number=\count91
\multicoltolerance=\count92
\multicolpretolerance=\count93
\full@width=\dimen107
\page@free=\dimen108
\premulticols=\dimen109
\postmulticols=\dimen110
\multicolsep=\skip43
\multicolbaselineskip=\skip44
\partial@page=\box27
\last@line=\box28
\mult@rightbox=\box29
\mult@grightbox=\box30
\mult@gfirstbox=\box31
\mult@firstbox=\box32
\@tempa=\box33
\@tempa=\box34
\@tempa=\box35
\@tempa=\box36
\@tempa=\box37
\@tempa=\box38
\@tempa=\box39
\@tempa=\box40
\@tempa=\box41
\@tempa=\box42
\@tempa=\box43
\@tempa=\box44
\@tempa=\box45
\@tempa=\box46
\@tempa=\box47
\@tempa=\box48
\@tempa=\box49
\c@columnbadness=\count94
\c@finalcolumnbadness=\count95
\last@try=\dimen111
\multicolovershoot=\dimen112
\multicolundershoot=\dimen113
\mult@nat@firstbox=\box50
\colbreak@box=\box51
)
(/usr/share/texmf/tex/latex/misc/float.sty
Package: float 2001/11/08 v1.3d Float enhancements (AL)
\c@float@type=\count96
\float@exts=\toks15
\float@box=\box52
\@float@everytoks=\toks16
\@floatcapt=\box53
)
(/usr/share/texmf/tex/latex/base/textcomp.sty
Package: textcomp 2001/06/05 v1.94 Standard LaTeX package

(/usr/share/texmf/tex/latex/base/ts1enc.def
File: ts1enc.def 2001/06/05 v3.0e (jk/car/fm) Standard LaTeX file
))
(/usr/share/texmf/tex/latex/base/alltt.sty
Package: alltt 1997/06/16 v2.0g defines alltt environment
) (./doxygen.sty
Package: doxygen 

(/usr/share/texmf/tex/latex/tools/calc.sty
Package: calc 1998/07/07 v4.1b Infix arithmetic (KKT,FJ)
\calc@Acount=\count97
\calc@Bcount=\count98
\calc@Adimen=\dimen114
\calc@Bdimen=\dimen115
\calc@Askip=\skip45
\calc@Bskip=\skip46
LaTeX Info: Redefining \setlength on input line 59.
LaTeX Info: Redefining \addtolength on input line 60.
\calc@denominator=\count99
)
(/usr/share/texmf/tex/latex/tools/array.sty
Package: array 1998/05/13 v2.3m Tabular extension package (FMi)
\col@sep=\dimen116
\extrarowheight=\dimen117
\NC@list=\toks17
\extratabsurround=\skip47
\backup@length=\skip48
)
\tmplength=\skip49
)
\@indexfile=\write3
\openout3 = `refman.idx'.


Writing index file refman.idx
(./refman.aux (./classccop.aux) (./classCharr.aux) (./structgreaterThan.aux)
(./classMatrixOfValues.aux) (./classMultipleSeqAlign.aux)
(./classPartitionStats.aux) (./classRobustDivisiveClustering.aux)
(./classroulette.aux) (./classSampling.aux) (./classSequence.aux)
(./classsNeighborhood.aux))
\openout1 = `refman.aux'.

LaTeX Font Info:    Checking defaults for OML/cmm/m/it on input line 14.
LaTeX Font Info:    ... okay on input line 14.
LaTeX Font Info:    Checking defaults for T1/cmr/m/n on input line 14.
LaTeX Font Info:    ... okay on input line 14.
LaTeX Font Info:    Checking defaults for OT1/cmr/m/n on input line 14.
LaTeX Font Info:    ... okay on input line 14.
LaTeX Font Info:    Checking defaults for OMS/cmsy/m/n on input line 14.
LaTeX Font Info:    ... okay on input line 14.
LaTeX Font Info:    Checking defaults for OMX/cmex/m/n on input line 14.
LaTeX Font Info:    ... okay on input line 14.
LaTeX Font Info:    Checking defaults for U/cmr/m/n on input line 14.
LaTeX Font Info:    ... okay on input line 14.
LaTeX Font Info:    Checking defaults for TS1/cmr/m/n on input line 14.
LaTeX Font Info:    Try loading font information for TS1+cmr on input line 14.
 (/usr/share/texmf/tex/latex/base/ts1cmr.fd
File: ts1cmr.fd 1999/05/25 v2.5h Standard LaTeX font definitions
)
LaTeX Font Info:    ... okay on input line 14.

[1


] [2

] (./refman.toc
LaTeX Font Info:    External font `cmex10' loaded for size
(Font)              <7> on input line 2.
LaTeX Font Info:    External font `cmex10' loaded for size
(Font)              <5> on input line 2.
)
\tf@toc=\write4
\openout4 = `refman.toc'.

 [1

] [2

]
Chapter 1.
(./annotated.tex) [1

] [2

]
Chapter 2.
(./classBellNumber.tex) [3]
\openout2 = `classccop.aux'.

 (./classccop.tex) [4

]
\openout2 = `classCharr.aux'.

 (./classCharr.tex) [5


]
\openout2 = `structgreaterThan.aux'.


(./structgreaterThan.tex) [6


]
\openout2 = `classMatrixOfValues.aux'.

 (./classMatrixOfValues.tex
LaTeX Font Info:    External font `cmex10' loaded for size
(Font)              <9> on input line 22.
LaTeX Font Info:    External font `cmex10' loaded for size
(Font)              <6> on input line 22.
 [7


]
Underfull \hbox (badness 10000) in paragraph at lines 84--85
[]\OT1/cmr/m/n/10 void \OT1/cmr/bx/n/10 edge-Distribution \OT1/cmr/m/n/10 (cons
t string &sa, int cluster-Size=-1, string cluster-
 []

[8]
Underfull \vbox (badness 1158) has occurred while \output is active []

 [9]
Underfull \vbox (badness 10000) has occurred while \output is active []

 [10])
[11]
\openout2 = `classMultipleSeqAlign.aux'.

 (./classMultipleSeqAlign.tex [12


] [13] [14]) [15]
\openout2 = `classPartitionStats.aux'.


(./classPartitionStats.tex
Underfull \hbox (badness 1817) in paragraph at lines 17--18
[]\OT1/cmr/bx/n/10 Partition-Stats \OT1/cmr/m/n/10 (vector$\OML/cmm/m/it/10 <$ 
\OT1/cmr/m/n/10 Par-ti-tion $\OML/cmm/m/it/10 >$ \OT1/cmr/m/n/10 &vpart, dou-bl
e ex-ten-siv-ity=EXTENSIVITY[]-
 []

[16


] [17] [18] [19]) [20]
\openout2 = `classRobustDivisiveClustering.aux'.

 (./classRobustDivisiveClustering.tex
Underfull \hbox (badness 10000) in paragraph at lines 8--9
\OT1/cmr/m/n/10 DEFAULT[]-NUMBER[]-SAMPLES, int nneigh-bors=RDC[]-DEFAULT[]-NUM
BER[]-
 []


Underfull \hbox (badness 1199) in paragraph at lines 11--12
[]\OT1/cmr/bx/n/10 Robust-Divisive-Clustering \OT1/cmr/m/n/10 (\OT1/cmr/bx/n/10
 Matrix-Of-Values $\OMS/cmsy/m/n/10 ^^C$\OT1/cmr/m/n/10 graph, bool prunebe-low
, int nsam-
 []

) [21


]
\openout2 = `classroulette.aux'.

 (./classroulette.tex) [22


]
\openout2 = `classSampling.aux'.

 (./classSampling.tex
LaTeX Font Info:    External font `cmex10' loaded for size
(Font)              <14.4> on input line 1.
 [23


]) [24]
\openout2 = `classSequence.aux'.


(./classSequence.tex [25


]) [26] [27]
\openout2 = `classsNeighborhood.aux'.

 (./classsNeighborhood.tex [28


]) [29]
(./refman.ind [30


]) (./refman.aux (./classccop.aux) (./classCharr.aux)
(./structgreaterThan.aux) (./classMatrixOfValues.aux)
(./classMultipleSeqAlign.aux) (./classPartitionStats.aux)
(./classRobustDivisiveClustering.aux) (./classroulette.aux)
(./classSampling.aux) (./classSequence.aux) (./classsNeighborhood.aux)) ) 
Here is how much of TeX's memory you used:
 1692 strings out of 95847
 25156 string characters out of 1195963
 72177 words of memory out of 1000001
 4541 multiletter control sequences out of 10000+50000
 10633 words of font info for 37 fonts, out of 500000 for 1000
 14 hyphenation exceptions out of 1000
 29i,12n,43p,845b,572s stack positions out of 1500i,500n,5000p,200000b,5000s

Output written on refman.dvi (34 pages, 71596 bytes).
